<?xml version="1.0" encoding="UTF-8"?>
<!-- Generated by org.testng.reporters.JUnitReportReporter -->
<testsuite skipped="0" hostname="Bhanus-MacBook-Air.local" name="com.newtoursapp.LoginTest" tests="1" failures="0" timestamp="02 Feb 2020 21:42:44 GMT" time="13.882" errors="0">
  <testcase name="loginValidation" time="13.882" classname="com.newtoursapp.LoginTest"/>
</testsuite> <!-- com.newtoursapp.LoginTest -->
